Arguments: 
  /Users/huangli/.nvm/versions/node/v13.14.0/bin/node /Users/huangli/.yarn/bin/yarn.js

PATH: 
  /Users/huangli/.yarn/bin:/Users/huangli/.config/yarn/global/node_modules/.bin:/usr/local/opt/ruby/bin:/usr/local/mongodb/bin:/Users/huangli/.nvm/versions/node/v13.14.0/bin:/usr/local/bin:/usr/bin:/bin:/usr/sbin:/sbin

Yarn version: 
  1.22.5

Node version: 
  13.14.0

Platform: 
  darwin x64

Trace: 
  Error: https://registry.npm.taobao.org/@babel%2fruntime: tunneling socket could not be established, cause=connect ECONNREFUSED 127.0.0.1:7890
      at ClientRequest.onError (/Users/huangli/.yarn/lib/cli.js:152235:17)
      at Object.onceWrapper (events.js:422:26)
      at ClientRequest.emit (events.js:315:20)
      at Socket.socketErrorListener (_http_client.js:432:9)
      at Socket.emit (events.js:315:20)
      at emitErrorNT (internal/streams/destroy.js:84:8)
      at processTicksAndRejections (internal/process/task_queues.js:84:21)

npm manifest: 
  {
    "name": "taro-plugin-canvas",
    "version": "1.0.10",
    "description": "基于 Taro 框架的微信小程序 canvas 绘图组件，封装了常用的操作，通过配置的方式生成分享图片",
    "keywords": [
      "taro",
      "canvas",
      "微信小程序"
    ],
    "repository": {
      "type": "git",
      "url": "git@github.com:chuyun/taro-plugin-canvas.git"
    },
    "files": [
      "dist",
      "@types"
    ],
    "types": "./@types/index.d.ts",
    "main": "dist/index.js",
    "main:h5": "dist/h5/index.js",
    "scripts": {
      "build:weapp": "taro build --type weapp",
      "build:swan": "taro build --type swan",
      "build:alipay": "taro build --type alipay",
      "build:tt": "taro build --type tt",
      "build:h5": "taro build --type h5",
      "build:rn": "taro build --type rn",
      "build:qq": "taro build --type qq",
      "build:jd": "taro build --type jd",
      "build:quickapp": "taro build --type quickapp",
      "dev:weapp": "npm run build:weapp -- --watch",
      "dev:swan": "npm run build:swan -- --watch",
      "dev:alipay": "npm run build:alipay -- --watch",
      "dev:tt": "npm run build:tt -- --watch",
      "dev:h5": "npm run build:h5 -- --watch",
      "dev:rn": "npm run build:rn -- --watch",
      "dev:qq": "npm run build:qq -- --watch",
      "dev:jd": "npm run build:jd -- --watch",
      "dev:quickapp": "npm run build:quickapp -- --watch"
    },
    "author": "",
    "license": "MIT",
    "dependencies": {
      "@babel/runtime": "^7.7.7",
      "@tarojs/components": "3.0.17",
      "@tarojs/runtime": "3.0.17",
      "@tarojs/taro": "3.0.17",
      "@tarojs/react": "3.0.17",
      "react-dom": "^16.10.0",
      "react": "^16.10.0"
    },
    "devDependencies": {
      "@types/webpack-env": "^1.13.6",
      "@types/react": "^16.0.0",
      "@tarojs/mini-runner": "3.0.17",
      "@babel/core": "^7.8.0",
      "@tarojs/webpack-runner": "3.0.17",
      "babel-preset-taro": "3.0.17",
      "eslint-config-taro": "3.0.17",
      "eslint": "^6.8.0",
      "eslint-plugin-react": "^7.8.2",
      "eslint-plugin-import": "^2.12.0",
      "eslint-plugin-react-hooks": "^1.6.1",
      "stylelint": "9.3.0",
      "@typescript-eslint/parser": "^2.x",
      "@typescript-eslint/eslint-plugin": "^2.x",
      "typescript": "^3.7.0"
    }
  }

yarn manifest: 
  No manifest

Lockfile: 
  No lockfile
